<?xml version="1.0" encoding="UTF-8"?>
<!-- Generated by org.testng.reporters.JUnitReportReporter -->
<testsuite hostname="DESKTOP-8KC9AIJ" failures="0" tests="1" name="Testcases.TC_AccountRegistrationtest" time="2.333" errors="0" timestamp="2025-06-06T10:40:00 IST" skipped="0">
  <testcase classname="Testcases.TC_AccountRegistrationtest" name="verify_account_registration" time="2.333"/>
</testsuite> <!-- Testcases.TC_AccountRegistrationtest -->
